[2025-05-13 08:25:24] [EVENT] Bootstrap: .env cargado.
[2025-05-13 08:25:24] [EVENT] Bootstrap: Inicializado. Constantes definidas.
[2025-05-13 08:25:24] [EVENT] Bootstrap: .env cargado.
[2025-05-13 08:25:24] [EVENT] Bootstrap: Inicializado. Constantes definidas.
[2025-05-13 08:25:27] [EVENT] Bootstrap: .env cargado.
[2025-05-13 08:25:27] [EVENT] Bootstrap: Inicializado. Constantes definidas.
[2025-05-13 08:25:29] [EVENT] Bootstrap: .env cargado.
[2025-05-13 08:25:29] [EVENT] Bootstrap: Inicializado. Constantes definidas.
[2025-05-13 08:25:29] [EVENT] Endpoint create_subscription_session.php: Solicitud recibida.
[2025-05-13 08:25:29] [EVENT] App\Service\Impl\StripeCheckoutSessionServiceImpl inicializado con appDomainBase: http://localhost:8000/public
[2025-05-13 08:25:29] [EVENT] Bootstrap: StripeCheckoutSessionService instanciado.
[2025-05-13 08:25:29] [EVENT] create_subscription_session.php: Llamando a createSubscriptionSession. - Context: {"lookup_key":"annual_payment"}
[2025-05-13 08:25:29] [EVENT] App\Service\Impl\StripeCheckoutSessionServiceImpl: Creando sesión de suscripción. - Context: {"lookup_key":"annual_payment"}
[2025-05-13 08:25:29] [EVENT] App\Service\Impl\StripeCheckoutSessionServiceImpl: Buscando Price ID. - Context: {"lookup_key":"annual_payment","context":"suscripción"}
[2025-05-13 08:25:30] [EVENT] App\Service\Impl\StripeCheckoutSessionServiceImpl: Price ID encontrado. - Context: {"lookup_key":"annual_payment","price_id":"price_1RLNsHP71JLI6sb9ez8HJsHt"}
[2025-05-13 08:25:30] [EVENT] App\Service\Impl\StripeCheckoutSessionServiceImpl: URLs para suscripción. - Context: {"success":"http://localhost:8000/public/success.html?session_id={CHECKOUT_SESSION_ID}","cancel":"http://localhost:8000/public/cancel.html"}
[2025-05-13 08:25:30] [EVENT] App\Service\Impl\StripeCheckoutSessionServiceImpl: Sesión de suscripción creada. - Context: {"session_id":"cs_test_a15Bv1av2e2zsWg1WB7c8Hxv63wl4FHW1OakVPZ5fiTTKx9UU6W7t1ZfTw","price_id":"price_1RLNsHP71JLI6sb9ez8HJsHt"}
[2025-05-13 08:25:30] [EVENT] create_subscription_session.php: Sesión de suscripción creada. - Context: {"session_id":"cs_test_a15Bv1av2e2zsWg1WB7c8Hxv63wl4FHW1OakVPZ5fiTTKx9UU6W7t1ZfTw"}
[2025-05-13 08:47:51] [EVENT] Bootstrap: .env cargado.
[2025-05-13 08:47:51] [EVENT] Bootstrap: Inicializado. Constantes definidas.
