2025-05-01 15:29:19 - Procesando payment_intent.succeeded: evt_3RJz34P71JLI6sb90Rrbptce
2025-05-01 15:29:19 - DTO creado correctamente
2025-05-01 15:29:19 - Modelo de pago creado: pay_6813934fbe1029.07062423
2025-05-01 15:29:19 - Pago guardado exitosamente
2025-05-01 15:34:23 - Procesando payment_intent.succeeded: evt_3RJz7yP71JLI6sb909Rrzwmr
2025-05-01 15:34:23 - DTO creado correctamente
2025-05-01 15:34:23 - Modelo de pago creado: pay_6813947f69ee88.73101454
2025-05-01 15:34:23 - Pago guardado exitosamente
2025-05-01 15:35:30 - Procesando payment_intent.succeeded: evt_3RJz93P71JLI6sb9032D0qU1
2025-05-01 15:35:30 - DTO creado correctamente
2025-05-01 15:35:30 - Modelo de pago creado: pay_681394c20248f3.38306486
2025-05-01 15:35:30 - Pago guardado exitosamente
2025-05-01 15:42:45 - Procesando payment_intent.succeeded: evt_3RJzG4P71JLI6sb91F3PYQlg
2025-05-01 15:42:45 - DTO creado correctamente
2025-05-01 15:42:45 - Modelo de pago creado: pay_68139675a416f2.20287316
2025-05-01 15:42:45 - Pago guardado exitosamente
2025-05-01 15:44:38 - Procesando payment_intent.succeeded: evt_3RJzHuP71JLI6sb90zeKWq1M
2025-05-01 15:44:38 - DTO creado correctamente
2025-05-01 15:44:38 - Modelo de pago creado: pay_681396e6daa6a3.43051161
2025-05-01 15:44:38 - Pago guardado exitosamente
2025-05-01 22:53:04 - Procesando payment_intent.succeeded: evt_3RK5yVP71JLI6sb90QU57K57
2025-05-01 22:53:04 - DTO creado correctamente
2025-05-01 22:53:04 - Modelo de pago creado: pay_6813fb505164e2.25367165
2025-05-01 22:53:04 - Pago guardado exitosamente
2025-05-01 22:54:02 - Procesando payment_intent.succeeded: evt_3RK5zRP71JLI6sb91lqxox1F
2025-05-01 22:54:02 - DTO creado correctamente
2025-05-01 22:54:02 - Modelo de pago creado: pay_6813fb8ab51209.88690902
2025-05-01 22:54:02 - Pago guardado exitosamente
2025-05-01 22:55:34 - Procesando payment_intent.succeeded: evt_3RK60vP71JLI6sb9128XWH7d
2025-05-01 22:55:34 - DTO creado correctamente
2025-05-01 22:55:34 - Modelo de pago creado: pay_6813fbe67b80c7.92420383
2025-05-01 22:55:34 - Pago guardado exitosamente
2025-05-01 22:59:27 - Procesando payment_intent.succeeded: evt_3RK64gP71JLI6sb90cSy3Dak
2025-05-01 22:59:27 - DTO creado correctamente
2025-05-01 22:59:27 - Modelo de pago creado: pay_6813fccfbc3573.13270195
2025-05-01 22:59:27 - Pago guardado exitosamente
2025-05-01 23:17:11 - Procesando payment_intent.succeeded: evt_3RK6LqP71JLI6sb90919OEEP
2025-05-01 23:17:11 - DTO creado correctamente
2025-05-01 23:17:11 - Modelo de pago creado: pay_681400f71f2730.75186213
2025-05-01 23:17:11 - Pago guardado exitosamente
2025-05-02 10:13:12 - Procesando payment_intent.succeeded: evt_3RKGahP71JLI6sb90DEFsZ0N
2025-05-02 10:13:12 - DTO creado correctamente
2025-05-02 10:13:12 - Modelo de pago creado: pay_68149ab82799a4.63907187
2025-05-02 10:13:12 - Pago guardado exitosamente
2025-05-02 10:14:48 - Procesando payment_intent.succeeded: evt_3RKGcEP71JLI6sb91M4liS17
2025-05-02 10:14:48 - DTO creado correctamente
2025-05-02 10:14:48 - Modelo de pago creado: pay_68149b182d3894.16128427
2025-05-02 10:14:48 - Pago guardado exitosamente
2025-05-02 10:51:44 - Procesando payment_intent.succeeded: evt_3RKHBzP71JLI6sb91vqwzdFp
2025-05-02 10:51:44 - DTO creado correctamente
2025-05-02 10:51:44 - Modelo de pago creado: pay_6814a3c0deea49.85425893
2025-05-02 10:51:44 - Pago guardado exitosamente
2025-05-02 10:52:04 - Procesando payment_intent.succeeded: evt_3RKHCJP71JLI6sb90djSzDBy
2025-05-02 10:52:04 - DTO creado correctamente
2025-05-02 10:52:04 - Modelo de pago creado: pay_6814a3d4c09753.83285460
2025-05-02 10:52:04 - Pago guardado exitosamente
