[2025-05-05 12:39:05] Iniciando creación de sesión de pago único
[2025-05-05 12:39:05] Variables de entorno cargadas correctamente
[2025-05-05 12:39:05] Obteniendo servicio de pagos Stripe
[2025-05-05 12:39:05] Servicio obtenido correctamente
[2025-05-05 12:39:05] Llamando a createPaymentSession()
[2025-05-05 12:39:06] ERROR: Invalid URL: localhost/success.html. URLs must begin with http or https.
[2025-05-05 12:39:06] Traza: #0 C:\Users\nimsu\Desktop\StripeLabApp.v2\StripeLabApp\vendor\stripe\stripe-php\lib\Exception\InvalidRequestException.php(35): Stripe\Exception\ApiErrorException::factory()
#1 C:\Users\nimsu\Desktop\StripeLabApp.v2\StripeLabApp\vendor\stripe\stripe-php\lib\ApiRequestor.php(232): Stripe\Exception\InvalidRequestException::factory()
#2 C:\Users\nimsu\Desktop\StripeLabApp.v2\StripeLabApp\vendor\stripe\stripe-php\lib\ApiRequestor.php(193): Stripe\ApiRequestor::_specificV1APIError()
#3 C:\Users\nimsu\Desktop\StripeLabApp.v2\StripeLabApp\vendor\stripe\stripe-php\lib\ApiRequestor.php(650): Stripe\ApiRequestor->handleErrorResponse()
#4 C:\Users\nimsu\Desktop\StripeLabApp.v2\StripeLabApp\vendor\stripe\stripe-php\lib\ApiRequestor.php(137): Stripe\ApiRequestor->_interpretResponse()
#5 C:\Users\nimsu\Desktop\StripeLabApp.v2\StripeLabApp\vendor\stripe\stripe-php\lib\BaseStripeClient.php(203): Stripe\ApiRequestor->request()
#6 C:\Users\nimsu\Desktop\StripeLabApp.v2\StripeLabApp\vendor\stripe\stripe-php\lib\Service\AbstractService.php(75): Stripe\BaseStripeClient->request()
#7 C:\Users\nimsu\Desktop\StripeLabApp.v2\StripeLabApp\vendor\stripe\stripe-php\lib\Service\Checkout\SessionService.php(60): Stripe\Service\AbstractService->request()
#8 C:\Users\nimsu\Desktop\StripeLabApp.v2\StripeLabApp\src\services\Impl\StripeCheckoutSessionServiceImpl.php(53): Stripe\Service\Checkout\SessionService->create()
#9 C:\Users\nimsu\Desktop\StripeLabApp.v2\StripeLabApp\public\create_payment_session.php(32): App\services\Impl\StripeCheckoutSessionServiceImpl->createPaymentSession()
#10 {main}
[2025-05-05 12:39:22] Iniciando creación de sesión de pago único
[2025-05-05 12:39:22] Variables de entorno cargadas correctamente
[2025-05-05 12:39:22] Obteniendo servicio de pagos Stripe
[2025-05-05 12:39:22] Servicio obtenido correctamente
[2025-05-05 12:39:22] Llamando a createPaymentSession()
[2025-05-05 12:39:23] ERROR: Invalid URL: localhost/success.html. URLs must begin with http or https.
[2025-05-05 12:39:23] Traza: #0 C:\Users\nimsu\Desktop\StripeLabApp.v2\StripeLabApp\vendor\stripe\stripe-php\lib\Exception\InvalidRequestException.php(35): Stripe\Exception\ApiErrorException::factory()
#1 C:\Users\nimsu\Desktop\StripeLabApp.v2\StripeLabApp\vendor\stripe\stripe-php\lib\ApiRequestor.php(232): Stripe\Exception\InvalidRequestException::factory()
#2 C:\Users\nimsu\Desktop\StripeLabApp.v2\StripeLabApp\vendor\stripe\stripe-php\lib\ApiRequestor.php(193): Stripe\ApiRequestor::_specificV1APIError()
#3 C:\Users\nimsu\Desktop\StripeLabApp.v2\StripeLabApp\vendor\stripe\stripe-php\lib\ApiRequestor.php(650): Stripe\ApiRequestor->handleErrorResponse()
#4 C:\Users\nimsu\Desktop\StripeLabApp.v2\StripeLabApp\vendor\stripe\stripe-php\lib\ApiRequestor.php(137): Stripe\ApiRequestor->_interpretResponse()
#5 C:\Users\nimsu\Desktop\StripeLabApp.v2\StripeLabApp\vendor\stripe\stripe-php\lib\BaseStripeClient.php(203): Stripe\ApiRequestor->request()
#6 C:\Users\nimsu\Desktop\StripeLabApp.v2\StripeLabApp\vendor\stripe\stripe-php\lib\Service\AbstractService.php(75): Stripe\BaseStripeClient->request()
#7 C:\Users\nimsu\Desktop\StripeLabApp.v2\StripeLabApp\vendor\stripe\stripe-php\lib\Service\Checkout\SessionService.php(60): Stripe\Service\AbstractService->request()
#8 C:\Users\nimsu\Desktop\StripeLabApp.v2\StripeLabApp\src\services\Impl\StripeCheckoutSessionServiceImpl.php(53): Stripe\Service\Checkout\SessionService->create()
#9 C:\Users\nimsu\Desktop\StripeLabApp.v2\StripeLabApp\public\create_payment_session.php(32): App\services\Impl\StripeCheckoutSessionServiceImpl->createPaymentSession()
#10 {main}
