[2025-05-13 20:02:17] [STRIPE_PAYLOAD] Event Type: charge.succeeded, Event ID: evt_3ROP1nP71JLI6sb90NsVMzJW
{
    "id": "ch_3ROP1nP71JLI6sb902xe7tT3",
    "object": "charge",
    "amount": 300,
    "amount_captured": 300,
    "amount_refunded": 0,
    "application": null,
    "application_fee": null,
    "application_fee_amount": null,
    "balance_transaction": "txn_3ROP1nP71JLI6sb90A5CoDGE",
    "billing_details": {
        "address": {
            "city": null,
            "country": "ES",
            "line1": null,
            "line2": null,
            "postal_code": null,
            "state": null
        },
        "email": "contacto@josecarlosdev.com",
        "name": "suscripcion mensual",
        "phone": null,
        "tax_id": null
    },
    "calculated_statement_descriptor": "Stripe",
    "captured": true,
    "created": 1747166535,
    "currency": "eur",
    "customer": "cus_SJ13BPsY6XHn0L",
    "description": "Subscription creation",
    "destination": null,
    "dispute": null,
    "disputed": false,
    "failure_balance_transaction": null,
    "failure_code": null,
    "failure_message": null,
    "fraud_details": [],
    "livemode": false,
    "metadata": [],
    "on_behalf_of": null,
    "order": null,
    "outcome": {
        "advice_code": null,
        "network_advice_code": null,
        "network_decline_code": null,
        "network_status": "approved_by_network",
        "reason": null,
        "risk_level": "normal",
        "risk_score": 41,
        "seller_message": "Payment complete.",
        "type": "authorized"
    },
    "paid": true,
    "payment_intent": "pi_3ROP1nP71JLI6sb90Lh9QvEd",
    "payment_method": "pm_1ROP1mP71JLI6sb9S5pV2tHO",
    "payment_method_details": {
        "card": {
            "amount_authorized": 300,
            "authorization_code": null,
            "brand": "visa",
            "checks": {
                "address_line1_check": null,
                "address_postal_code_check": null,
                "cvc_check": "pass"
            },
            "country": "US",
            "exp_month": 2,
            "exp_year": 2055,
            "extended_authorization": {
                "status": "disabled"
            },
            "fingerprint": "H2RjQOzJ2vMTHb1p",
            "funding": "credit",
            "incremental_authorization": {
                "status": "unavailable"
            },
            "installments": null,
            "last4": "4242",
            "mandate": null,
            "multicapture": {
                "status": "unavailable"
            },
            "network": "visa",
            "network_token": {
                "used": false
            },
            "network_transaction_id": "725082106817912",
            "overcapture": {
                "maximum_amount_capturable": 300,
                "status": "unavailable"
            },
            "regulated_status": "unregulated",
            "three_d_secure": null,
            "wallet": null
        },
        "type": "card"
    },
    "radar_options": [],
    "receipt_email": null,
    "receipt_number": null,
    "receipt_url": "https://pay.stripe.com/receipts/invoices/CAcaFwoVYWNjdF8xUkhKNjFQNzFKTEk2c2I5KMnKjsEGMgZnkyZCdHM6LBbgXZCTZrcMLQZHl-s3lTPZfTnZ79NaD2xO8grgM5wER1s1MFn6kcd36reC?s=ap",
    "refunded": false,
    "review": null,
    "shipping": null,
    "source": null,
    "source_transfer": null,
    "statement_descriptor": null,
    "statement_descriptor_suffix": null,
    "status": "succeeded",
    "transfer_data": null,
    "transfer_group": null
}
---
[2025-05-13 20:02:17] [STRIPE_PAYLOAD] Event Type: payment_method.attached, Event ID: evt_1ROP1pP71JLI6sb91xI1Z7bo
{
    "id": "pm_1ROP1mP71JLI6sb9S5pV2tHO",
    "object": "payment_method",
    "allow_redisplay": "limited",
    "billing_details": {
        "address": {
            "city": null,
            "country": "ES",
            "line1": null,
            "line2": null,
            "postal_code": null,
            "state": null
        },
        "email": "contacto@josecarlosdev.com",
        "name": "suscripcion mensual",
        "phone": null,
        "tax_id": null
    },
    "card": {
        "brand": "visa",
        "checks": {
            "address_line1_check": null,
            "address_postal_code_check": null,
            "cvc_check": "pass"
        },
        "country": "US",
        "display_brand": "visa",
        "exp_month": 2,
        "exp_year": 2055,
        "fingerprint": "H2RjQOzJ2vMTHb1p",
        "funding": "credit",
        "generated_from": null,
        "last4": "4242",
        "networks": {
            "available": [
                "visa"
            ],
            "preferred": null
        },
        "regulated_status": "unregulated",
        "three_d_secure_usage": {
            "supported": true
        },
        "wallet": null
    },
    "created": 1747166534,
    "customer": "cus_SJ13BPsY6XHn0L",
    "livemode": false,
    "metadata": [],
    "type": "card"
}
---
[2025-05-13 20:02:17] [STRIPE_PAYLOAD] Event Type: customer.created, Event ID: evt_1ROP1pP71JLI6sb9Imvyrc3P
{
    "id": "cus_SJ13BPsY6XHn0L",
    "object": "customer",
    "address": {
        "city": null,
        "country": "ES",
        "line1": null,
        "line2": null,
        "postal_code": null,
        "state": null
    },
    "balance": 0,
    "created": 1747166534,
    "currency": null,
    "default_source": null,
    "delinquent": false,
    "description": null,
    "discount": null,
    "email": "contacto@josecarlosdev.com",
    "invoice_prefix": "KAYJ5TVG",
    "invoice_settings": {
        "custom_fields": null,
        "default_payment_method": null,
        "footer": null,
        "rendering_options": null
    },
    "livemode": false,
    "metadata": [],
    "name": "suscripcion mensual",
    "phone": null,
    "preferred_locales": [
        "es-ES"
    ],
    "shipping": null,
    "tax_exempt": "none",
    "test_clock": null
}
---
[2025-05-13 20:02:17] [STRIPE_PAYLOAD] Event Type: customer.updated, Event ID: evt_1ROP1pP71JLI6sb9D6EBsy3E
{
    "id": "cus_SJ13BPsY6XHn0L",
    "object": "customer",
    "address": {
        "city": null,
        "country": "ES",
        "line1": null,
        "line2": null,
        "postal_code": null,
        "state": null
    },
    "balance": 0,
    "created": 1747166534,
    "currency": "eur",
    "default_source": null,
    "delinquent": false,
    "description": null,
    "discount": null,
    "email": "contacto@josecarlosdev.com",
    "invoice_prefix": "KAYJ5TVG",
    "invoice_settings": {
        "custom_fields": null,
        "default_payment_method": null,
        "footer": null,
        "rendering_options": null
    },
    "livemode": false,
    "metadata": [],
    "name": "suscripcion mensual",
    "phone": null,
    "preferred_locales": [
        "es-ES"
    ],
    "shipping": null,
    "tax_exempt": "none",
    "test_clock": null
}
---
[2025-05-13 20:02:17] [STRIPE_PAYLOAD] Event Type: checkout.session.completed, Event ID: evt_1ROP1pP71JLI6sb9rdoHy4Gv
{
    "id": "cs_test_a1bgZdfgAUn3ie76ZuOI2cDNNf7L6O28l6JucApm6Lhq4bmerWVxi06rtg",
    "object": "checkout.session",
    "adaptive_pricing": null,
    "after_expiration": null,
    "allow_promotion_codes": null,
    "amount_subtotal": 300,
    "amount_total": 300,
    "automatic_tax": {
        "enabled": false,
        "liability": null,
        "provider": null,
        "status": null
    },
    "billing_address_collection": null,
    "cancel_url": "http://localhost:8000/public/cancel.html",
    "client_reference_id": null,
    "client_secret": null,
    "collected_information": {
        "shipping_details": null
    },
    "consent": null,
    "consent_collection": null,
    "created": 1747166512,
    "currency": "eur",
    "currency_conversion": null,
    "custom_fields": [],
    "custom_text": {
        "after_submit": null,
        "shipping_address": null,
        "submit": null,
        "terms_of_service_acceptance": null
    },
    "customer": "cus_SJ13BPsY6XHn0L",
    "customer_creation": "always",
    "customer_details": {
        "address": {
            "city": null,
            "country": "ES",
            "line1": null,
            "line2": null,
            "postal_code": null,
            "state": null
        },
        "email": "contacto@josecarlosdev.com",
        "name": "suscripcion mensual",
        "phone": null,
        "tax_exempt": "none",
        "tax_ids": []
    },
    "customer_email": null,
    "discounts": [],
    "expires_at": 1747252912,
    "invoice": "in_1ROP1oP71JLI6sb9IScYQQku",
    "invoice_creation": null,
    "livemode": false,
    "locale": null,
    "metadata": [],
    "mode": "subscription",
    "payment_intent": null,
    "payment_link": null,
    "payment_method_collection": "always",
    "payment_method_configuration_details": null,
    "payment_method_options": {
        "card": {
            "request_three_d_secure": "automatic"
        }
    },
    "payment_method_types": [
        "card"
    ],
    "payment_status": "paid",
    "permissions": null,
    "phone_number_collection": {
        "enabled": false
    },
    "recovered_from": null,
    "saved_payment_method_options": {
        "allow_redisplay_filters": [
            "always"
        ],
        "payment_method_remove": "disabled",
        "payment_method_save": null
    },
    "setup_intent": null,
    "shipping_address_collection": null,
    "shipping_cost": null,
    "shipping_options": [],
    "status": "complete",
    "submit_type": null,
    "subscription": "sub_1ROP1oP71JLI6sb9M2FhWZGX",
    "success_url": "http://localhost:8000/public/success.html?session_id={CHECKOUT_SESSION_ID}",
    "total_details": {
        "amount_discount": 0,
        "amount_shipping": 0,
        "amount_tax": 0
    },
    "ui_mode": "hosted",
    "url": null,
    "wallet_options": null
}
---
[2025-05-13 20:02:17] [STRIPE_PAYLOAD] Event Type: customer.subscription.created, Event ID: evt_1ROP1pP71JLI6sb9NcQczuvB
{
    "id": "sub_1ROP1oP71JLI6sb9M2FhWZGX",
    "object": "subscription",
    "application": null,
    "application_fee_percent": null,
    "automatic_tax": {
        "disabled_reason": null,
        "enabled": false,
        "liability": null
    },
    "billing_cycle_anchor": 1747166534,
    "billing_cycle_anchor_config": null,
    "cancel_at": null,
    "cancel_at_period_end": false,
    "canceled_at": null,
    "cancellation_details": {
        "comment": null,
        "feedback": null,
        "reason": null
    },
    "collection_method": "charge_automatically",
    "created": 1747166534,
    "currency": "eur",
    "customer": "cus_SJ13BPsY6XHn0L",
    "days_until_due": null,
    "default_payment_method": "pm_1ROP1mP71JLI6sb9S5pV2tHO",
    "default_source": null,
    "default_tax_rates": [],
    "description": null,
    "discounts": [],
    "ended_at": null,
    "invoice_settings": {
        "account_tax_ids": null,
        "issuer": {
            "type": "self"
        }
    },
    "items": {
        "object": "list",
        "data": [
            {
                "id": "si_SJ13Vh4tquvZYg",
                "object": "subscription_item",
                "created": 1747166535,
                "current_period_end": 1749844934,
                "current_period_start": 1747166534,
                "discounts": [],
                "metadata": [],
                "plan": {
                    "id": "price_1RLNcyP71JLI6sb92qc9ywRx",
                    "object": "plan",
                    "active": true,
                    "amount": 300,
                    "amount_decimal": "300",
                    "billing_scheme": "per_unit",
                    "created": 1746446168,
                    "currency": "eur",
                    "interval": "month",
                    "interval_count": 1,
                    "livemode": false,
                    "metadata": [],
                    "meter": null,
                    "nickname": "Monthly payment for the Test product",
                    "product": "prod_SFsxoaHLKoYbKj",
                    "tiers_mode": null,
                    "transform_usage": null,
                    "trial_period_days": null,
                    "usage_type": "licensed"
                },
                "price": {
                    "id": "price_1RLNcyP71JLI6sb92qc9ywRx",
                    "object": "price",
                    "active": true,
                    "billing_scheme": "per_unit",
                    "created": 1746446168,
                    "currency": "eur",
                    "custom_unit_amount": null,
                    "livemode": false,
                    "lookup_key": "monthly_subscriptions",
                    "metadata": [],
                    "nickname": "Monthly payment for the Test product",
                    "product": "prod_SFsxoaHLKoYbKj",
                    "recurring": {
                        "interval": "month",
                        "interval_count": 1,
                        "meter": null,
                        "trial_period_days": null,
                        "usage_type": "licensed"
                    },
                    "tax_behavior": "unspecified",
                    "tiers_mode": null,
                    "transform_quantity": null,
                    "type": "recurring",
                    "unit_amount": 300,
                    "unit_amount_decimal": "300"
                },
                "quantity": 1,
                "subscription": "sub_1ROP1oP71JLI6sb9M2FhWZGX",
                "tax_rates": []
            }
        ],
        "has_more": false,
        "total_count": 1,
        "url": "/v1/subscription_items?subscription=sub_1ROP1oP71JLI6sb9M2FhWZGX"
    },
    "latest_invoice": "in_1ROP1oP71JLI6sb9IScYQQku",
    "livemode": false,
    "metadata": [],
    "next_pending_invoice_item_invoice": null,
    "on_behalf_of": null,
    "pause_collection": null,
    "payment_settings": {
        "payment_method_options": {
            "acss_debit": null,
            "bancontact": null,
            "card": {
                "network": null,
                "request_three_d_secure": "automatic"
            },
            "customer_balance": null,
            "konbini": null,
            "sepa_debit": null,
            "us_bank_account": null
        },
        "payment_method_types": [
            "card"
        ],
        "save_default_payment_method": "off"
    },
    "pending_invoice_item_interval": null,
    "pending_setup_intent": null,
    "pending_update": null,
    "plan": {
        "id": "price_1RLNcyP71JLI6sb92qc9ywRx",
        "object": "plan",
        "active": true,
        "amount": 300,
        "amount_decimal": "300",
        "billing_scheme": "per_unit",
        "created": 1746446168,
        "currency": "eur",
        "interval": "month",
        "interval_count": 1,
        "livemode": false,
        "metadata": [],
        "meter": null,
        "nickname": "Monthly payment for the Test product",
        "product": "prod_SFsxoaHLKoYbKj",
        "tiers_mode": null,
        "transform_usage": null,
        "trial_period_days": null,
        "usage_type": "licensed"
    },
    "quantity": 1,
    "schedule": null,
    "start_date": 1747166534,
    "status": "active",
    "test_clock": null,
    "transfer_data": null,
    "trial_end": null,
    "trial_settings": {
        "end_behavior": {
            "missing_payment_method": "create_invoice"
        }
    },
    "trial_start": null
}
---
[2025-05-13 20:02:17] [STRIPE_PAYLOAD] Event Type: payment_intent.succeeded, Event ID: evt_3ROP1nP71JLI6sb90tUpEJVZ
{
    "id": "pi_3ROP1nP71JLI6sb90Lh9QvEd",
    "object": "payment_intent",
    "amount": 300,
    "amount_capturable": 0,
    "amount_details": {
        "tip": []
    },
    "amount_received": 300,
    "application": null,
    "application_fee_amount": null,
    "automatic_payment_methods": null,
    "canceled_at": null,
    "cancellation_reason": null,
    "capture_method": "automatic",
    "client_secret": "pi_3ROP1nP71JLI6sb90Lh9QvEd_secret_PgskrRJwwkydgZk6zaJ2jtg2R",
    "confirmation_method": "automatic",
    "created": 1747166535,
    "currency": "eur",
    "customer": "cus_SJ13BPsY6XHn0L",
    "description": "Subscription creation",
    "last_payment_error": null,
    "latest_charge": "ch_3ROP1nP71JLI6sb902xe7tT3",
    "livemode": false,
    "metadata": [],
    "next_action": null,
    "on_behalf_of": null,
    "payment_method": "pm_1ROP1mP71JLI6sb9S5pV2tHO",
    "payment_method_configuration_details": null,
    "payment_method_options": {
        "card": {
            "installments": null,
            "mandate_options": null,
            "network": null,
            "request_three_d_secure": "automatic",
            "setup_future_usage": "off_session"
        }
    },
    "payment_method_types": [
        "card"
    ],
    "processing": null,
    "receipt_email": null,
    "review": null,
    "setup_future_usage": "off_session",
    "shipping": null,
    "source": null,
    "statement_descriptor": null,
    "statement_descriptor_suffix": null,
    "status": "succeeded",
    "transfer_data": null,
    "transfer_group": null
}
---
[2025-05-13 20:02:17] [STRIPE_PAYLOAD] Event Type: payment_intent.created, Event ID: evt_3ROP1nP71JLI6sb90mB4Gwsw
{
    "id": "pi_3ROP1nP71JLI6sb90Lh9QvEd",
    "object": "payment_intent",
    "amount": 300,
    "amount_capturable": 0,
    "amount_details": {
        "tip": []
    },
    "amount_received": 0,
    "application": null,
    "application_fee_amount": null,
    "automatic_payment_methods": null,
    "canceled_at": null,
    "cancellation_reason": null,
    "capture_method": "automatic",
    "client_secret": "pi_3ROP1nP71JLI6sb90Lh9QvEd_secret_PgskrRJwwkydgZk6zaJ2jtg2R",
    "confirmation_method": "automatic",
    "created": 1747166535,
    "currency": "eur",
    "customer": "cus_SJ13BPsY6XHn0L",
    "description": "Subscription creation",
    "last_payment_error": null,
    "latest_charge": null,
    "livemode": false,
    "metadata": [],
    "next_action": null,
    "on_behalf_of": null,
    "payment_method": null,
    "payment_method_configuration_details": null,
    "payment_method_options": {
        "card": {
            "installments": null,
            "mandate_options": null,
            "network": null,
            "request_three_d_secure": "automatic"
        },
        "link": {
            "persistent_token": null
        }
    },
    "payment_method_types": [
        "card",
        "link"
    ],
    "processing": null,
    "receipt_email": null,
    "review": null,
    "setup_future_usage": "off_session",
    "shipping": null,
    "source": null,
    "statement_descriptor": null,
    "statement_descriptor_suffix": null,
    "status": "requires_payment_method",
    "transfer_data": null,
    "transfer_group": null
}
---
[2025-05-13 20:02:17] [STRIPE_PAYLOAD] Event Type: invoice.created, Event ID: evt_1ROP1pP71JLI6sb91l6CEPaD
{
    "id": "in_1ROP1oP71JLI6sb9IScYQQku",
    "object": "invoice",
    "account_country": "ES",
    "account_name": "Stripe Lab App",
    "account_tax_ids": null,
    "amount_due": 300,
    "amount_overpaid": 0,
    "amount_paid": 300,
    "amount_remaining": 0,
    "amount_shipping": 0,
    "application": null,
    "attempt_count": 0,
    "attempted": true,
    "auto_advance": false,
    "automatic_tax": {
        "disabled_reason": null,
        "enabled": false,
        "liability": null,
        "provider": null,
        "status": null
    },
    "automatically_finalizes_at": null,
    "billing_reason": "subscription_create",
    "collection_method": "charge_automatically",
    "created": 1747166534,
    "currency": "eur",
    "custom_fields": null,
    "customer": "cus_SJ13BPsY6XHn0L",
    "customer_address": {
        "city": null,
        "country": "ES",
        "line1": null,
        "line2": null,
        "postal_code": null,
        "state": null
    },
    "customer_email": "contacto@josecarlosdev.com",
    "customer_name": "suscripcion mensual",
    "customer_phone": null,
    "customer_shipping": null,
    "customer_tax_exempt": "none",
    "customer_tax_ids": [],
    "default_payment_method": null,
    "default_source": null,
    "default_tax_rates": [],
    "description": null,
    "discounts": [],
    "due_date": null,
    "effective_at": 1747166534,
    "ending_balance": 0,
    "footer": null,
    "from_invoice": null,
    "hosted_invoice_url": "https://invoice.stripe.com/i/acct_1RHJ61P71JLI6sb9/test_YWNjdF8xUkhKNjFQNzFKTEk2c2I5LF9TSjEzUnY2SE1kaFlDWURnRHNSR2d1dkFVSURFcDJ1LDEzNzcwNzMzNw0200p2LKySVA?s=ap",
    "invoice_pdf": "https://pay.stripe.com/invoice/acct_1RHJ61P71JLI6sb9/test_YWNjdF8xUkhKNjFQNzFKTEk2c2I5LF9TSjEzUnY2SE1kaFlDWURnRHNSR2d1dkFVSURFcDJ1LDEzNzcwNzMzNw0200p2LKySVA/pdf?s=ap",
    "issuer": {
        "type": "self"
    },
    "last_finalization_error": null,
    "latest_revision": null,
    "lines": {
        "object": "list",
        "data": [
            {
                "id": "il_1ROP1oP71JLI6sb945pQDtbN",
                "object": "line_item",
                "amount": 300,
                "currency": "eur",
                "description": "1 × Test App (at €3.00 / month)",
                "discount_amounts": [],
                "discountable": true,
                "discounts": [],
                "invoice": "in_1ROP1oP71JLI6sb9IScYQQku",
                "livemode": false,
                "metadata": [],
                "parent": {
                    "invoice_item_details": null,
                    "subscription_item_details": {
                        "invoice_item": null,
                        "proration": false,
                        "proration_details": {
                            "credited_items": null
                        },
                        "subscription": "sub_1ROP1oP71JLI6sb9M2FhWZGX",
                        "subscription_item": "si_SJ13Vh4tquvZYg"
                    },
                    "type": "subscription_item_details"
                },
                "period": {
                    "end": 1749844934,
                    "start": 1747166534
                },
                "pretax_credit_amounts": [],
                "pricing": {
                    "price_details": {
                        "price": "price_1RLNcyP71JLI6sb92qc9ywRx",
                        "product": "prod_SFsxoaHLKoYbKj"
                    },
                    "type": "price_details",
                    "unit_amount_decimal": "300"
                },
                "quantity": 1,
                "taxes": []
            }
        ],
        "has_more": false,
        "total_count": 1,
        "url": "/v1/invoices/in_1ROP1oP71JLI6sb9IScYQQku/lines"
    },
    "livemode": false,
    "metadata": [],
    "next_payment_attempt": null,
    "number": "98CD073B-0051",
    "on_behalf_of": null,
    "parent": {
        "quote_details": null,
        "subscription_details": {
            "metadata": [],
            "subscription": "sub_1ROP1oP71JLI6sb9M2FhWZGX"
        },
        "type": "subscription_details"
    },
    "payment_settings": {
        "default_mandate": null,
        "payment_method_options": {
            "acss_debit": null,
            "bancontact": null,
            "card": {
                "request_three_d_secure": "automatic"
            },
            "customer_balance": null,
            "konbini": null,
            "sepa_debit": null,
            "us_bank_account": null
        },
        "payment_method_types": [
            "card"
        ]
    },
    "period_end": 1747166534,
    "period_start": 1747166534,
    "post_payment_credit_notes_amount": 0,
    "pre_payment_credit_notes_amount": 0,
    "receipt_number": null,
    "rendering": null,
    "shipping_cost": null,
    "shipping_details": null,
    "starting_balance": 0,
    "statement_descriptor": null,
    "status": "paid",
    "status_transitions": {
        "finalized_at": 1747166534,
        "marked_uncollectible_at": null,
        "paid_at": 1747166535,
        "voided_at": null
    },
    "subtotal": 300,
    "subtotal_excluding_tax": 300,
    "test_clock": null,
    "total": 300,
    "total_discount_amounts": [],
    "total_excluding_tax": 300,
    "total_pretax_credit_amounts": [],
    "total_taxes": [],
    "webhooks_delivered_at": null
}
---
[2025-05-13 20:02:17] [STRIPE_PAYLOAD] Event Type: invoice.finalized, Event ID: evt_1ROP1pP71JLI6sb97aD1XVID
{
    "id": "in_1ROP1oP71JLI6sb9IScYQQku",
    "object": "invoice",
    "account_country": "ES",
    "account_name": "Stripe Lab App",
    "account_tax_ids": null,
    "amount_due": 300,
    "amount_overpaid": 0,
    "amount_paid": 300,
    "amount_remaining": 0,
    "amount_shipping": 0,
    "application": null,
    "attempt_count": 0,
    "attempted": true,
    "auto_advance": false,
    "automatic_tax": {
        "disabled_reason": null,
        "enabled": false,
        "liability": null,
        "provider": null,
        "status": null
    },
    "automatically_finalizes_at": null,
    "billing_reason": "subscription_create",
    "collection_method": "charge_automatically",
    "created": 1747166534,
    "currency": "eur",
    "custom_fields": null,
    "customer": "cus_SJ13BPsY6XHn0L",
    "customer_address": {
        "city": null,
        "country": "ES",
        "line1": null,
        "line2": null,
        "postal_code": null,
        "state": null
    },
    "customer_email": "contacto@josecarlosdev.com",
    "customer_name": "suscripcion mensual",
    "customer_phone": null,
    "customer_shipping": null,
    "customer_tax_exempt": "none",
    "customer_tax_ids": [],
    "default_payment_method": null,
    "default_source": null,
    "default_tax_rates": [],
    "description": null,
    "discounts": [],
    "due_date": null,
    "effective_at": 1747166534,
    "ending_balance": 0,
    "footer": null,
    "from_invoice": null,
    "hosted_invoice_url": "https://invoice.stripe.com/i/acct_1RHJ61P71JLI6sb9/test_YWNjdF8xUkhKNjFQNzFKTEk2c2I5LF9TSjEzUnY2SE1kaFlDWURnRHNSR2d1dkFVSURFcDJ1LDEzNzcwNzMzNw0200p2LKySVA?s=ap",
    "invoice_pdf": "https://pay.stripe.com/invoice/acct_1RHJ61P71JLI6sb9/test_YWNjdF8xUkhKNjFQNzFKTEk2c2I5LF9TSjEzUnY2SE1kaFlDWURnRHNSR2d1dkFVSURFcDJ1LDEzNzcwNzMzNw0200p2LKySVA/pdf?s=ap",
    "issuer": {
        "type": "self"
    },
    "last_finalization_error": null,
    "latest_revision": null,
    "lines": {
        "object": "list",
        "data": [
            {
                "id": "il_1ROP1oP71JLI6sb945pQDtbN",
                "object": "line_item",
                "amount": 300,
                "currency": "eur",
                "description": "1 × Test App (at €3.00 / month)",
                "discount_amounts": [],
                "discountable": true,
                "discounts": [],
                "invoice": "in_1ROP1oP71JLI6sb9IScYQQku",
                "livemode": false,
                "metadata": [],
                "parent": {
                    "invoice_item_details": null,
                    "subscription_item_details": {
                        "invoice_item": null,
                        "proration": false,
                        "proration_details": {
                            "credited_items": null
                        },
                        "subscription": "sub_1ROP1oP71JLI6sb9M2FhWZGX",
                        "subscription_item": "si_SJ13Vh4tquvZYg"
                    },
                    "type": "subscription_item_details"
                },
                "period": {
                    "end": 1749844934,
                    "start": 1747166534
                },
                "pretax_credit_amounts": [],
                "pricing": {
                    "price_details": {
                        "price": "price_1RLNcyP71JLI6sb92qc9ywRx",
                        "product": "prod_SFsxoaHLKoYbKj"
                    },
                    "type": "price_details",
                    "unit_amount_decimal": "300"
                },
                "quantity": 1,
                "taxes": []
            }
        ],
        "has_more": false,
        "total_count": 1,
        "url": "/v1/invoices/in_1ROP1oP71JLI6sb9IScYQQku/lines"
    },
    "livemode": false,
    "metadata": [],
    "next_payment_attempt": null,
    "number": "98CD073B-0051",
    "on_behalf_of": null,
    "parent": {
        "quote_details": null,
        "subscription_details": {
            "metadata": [],
            "subscription": "sub_1ROP1oP71JLI6sb9M2FhWZGX"
        },
        "type": "subscription_details"
    },
    "payment_settings": {
        "default_mandate": null,
        "payment_method_options": {
            "acss_debit": null,
            "bancontact": null,
            "card": {
                "request_three_d_secure": "automatic"
            },
            "customer_balance": null,
            "konbini": null,
            "sepa_debit": null,
            "us_bank_account": null
        },
        "payment_method_types": [
            "card"
        ]
    },
    "period_end": 1747166534,
    "period_start": 1747166534,
    "post_payment_credit_notes_amount": 0,
    "pre_payment_credit_notes_amount": 0,
    "receipt_number": null,
    "rendering": null,
    "shipping_cost": null,
    "shipping_details": null,
    "starting_balance": 0,
    "statement_descriptor": null,
    "status": "paid",
    "status_transitions": {
        "finalized_at": 1747166534,
        "marked_uncollectible_at": null,
        "paid_at": 1747166535,
        "voided_at": null
    },
    "subtotal": 300,
    "subtotal_excluding_tax": 300,
    "test_clock": null,
    "total": 300,
    "total_discount_amounts": [],
    "total_excluding_tax": 300,
    "total_pretax_credit_amounts": [],
    "total_taxes": [],
    "webhooks_delivered_at": null
}
---
[2025-05-13 20:02:17] [STRIPE_PAYLOAD] Event Type: invoice.paid, Event ID: evt_1ROP1pP71JLI6sb921ZBtgR5
{
    "id": "in_1ROP1oP71JLI6sb9IScYQQku",
    "object": "invoice",
    "account_country": "ES",
    "account_name": "Stripe Lab App",
    "account_tax_ids": null,
    "amount_due": 300,
    "amount_overpaid": 0,
    "amount_paid": 300,
    "amount_remaining": 0,
    "amount_shipping": 0,
    "application": null,
    "attempt_count": 0,
    "attempted": true,
    "auto_advance": false,
    "automatic_tax": {
        "disabled_reason": null,
        "enabled": false,
        "liability": null,
        "provider": null,
        "status": null
    },
    "automatically_finalizes_at": null,
    "billing_reason": "subscription_create",
    "collection_method": "charge_automatically",
    "created": 1747166534,
    "currency": "eur",
    "custom_fields": null,
    "customer": "cus_SJ13BPsY6XHn0L",
    "customer_address": {
        "city": null,
        "country": "ES",
        "line1": null,
        "line2": null,
        "postal_code": null,
        "state": null
    },
    "customer_email": "contacto@josecarlosdev.com",
    "customer_name": "suscripcion mensual",
    "customer_phone": null,
    "customer_shipping": null,
    "customer_tax_exempt": "none",
    "customer_tax_ids": [],
    "default_payment_method": null,
    "default_source": null,
    "default_tax_rates": [],
    "description": null,
    "discounts": [],
    "due_date": null,
    "effective_at": 1747166534,
    "ending_balance": 0,
    "footer": null,
    "from_invoice": null,
    "hosted_invoice_url": "https://invoice.stripe.com/i/acct_1RHJ61P71JLI6sb9/test_YWNjdF8xUkhKNjFQNzFKTEk2c2I5LF9TSjEzUnY2SE1kaFlDWURnRHNSR2d1dkFVSURFcDJ1LDEzNzcwNzMzNw0200p2LKySVA?s=ap",
    "invoice_pdf": "https://pay.stripe.com/invoice/acct_1RHJ61P71JLI6sb9/test_YWNjdF8xUkhKNjFQNzFKTEk2c2I5LF9TSjEzUnY2SE1kaFlDWURnRHNSR2d1dkFVSURFcDJ1LDEzNzcwNzMzNw0200p2LKySVA/pdf?s=ap",
    "issuer": {
        "type": "self"
    },
    "last_finalization_error": null,
    "latest_revision": null,
    "lines": {
        "object": "list",
        "data": [
            {
                "id": "il_1ROP1oP71JLI6sb945pQDtbN",
                "object": "line_item",
                "amount": 300,
                "currency": "eur",
                "description": "1 × Test App (at €3.00 / month)",
                "discount_amounts": [],
                "discountable": true,
                "discounts": [],
                "invoice": "in_1ROP1oP71JLI6sb9IScYQQku",
                "livemode": false,
                "metadata": [],
                "parent": {
                    "invoice_item_details": null,
                    "subscription_item_details": {
                        "invoice_item": null,
                        "proration": false,
                        "proration_details": {
                            "credited_items": null
                        },
                        "subscription": "sub_1ROP1oP71JLI6sb9M2FhWZGX",
                        "subscription_item": "si_SJ13Vh4tquvZYg"
                    },
                    "type": "subscription_item_details"
                },
                "period": {
                    "end": 1749844934,
                    "start": 1747166534
                },
                "pretax_credit_amounts": [],
                "pricing": {
                    "price_details": {
                        "price": "price_1RLNcyP71JLI6sb92qc9ywRx",
                        "product": "prod_SFsxoaHLKoYbKj"
                    },
                    "type": "price_details",
                    "unit_amount_decimal": "300"
                },
                "quantity": 1,
                "taxes": []
            }
        ],
        "has_more": false,
        "total_count": 1,
        "url": "/v1/invoices/in_1ROP1oP71JLI6sb9IScYQQku/lines"
    },
    "livemode": false,
    "metadata": [],
    "next_payment_attempt": null,
    "number": "98CD073B-0051",
    "on_behalf_of": null,
    "parent": {
        "quote_details": null,
        "subscription_details": {
            "metadata": [],
            "subscription": "sub_1ROP1oP71JLI6sb9M2FhWZGX"
        },
        "type": "subscription_details"
    },
    "payment_settings": {
        "default_mandate": null,
        "payment_method_options": {
            "acss_debit": null,
            "bancontact": null,
            "card": {
                "request_three_d_secure": "automatic"
            },
            "customer_balance": null,
            "konbini": null,
            "sepa_debit": null,
            "us_bank_account": null
        },
        "payment_method_types": [
            "card"
        ]
    },
    "period_end": 1747166534,
    "period_start": 1747166534,
    "post_payment_credit_notes_amount": 0,
    "pre_payment_credit_notes_amount": 0,
    "receipt_number": null,
    "rendering": null,
    "shipping_cost": null,
    "shipping_details": null,
    "starting_balance": 0,
    "statement_descriptor": null,
    "status": "paid",
    "status_transitions": {
        "finalized_at": 1747166534,
        "marked_uncollectible_at": null,
        "paid_at": 1747166535,
        "voided_at": null
    },
    "subtotal": 300,
    "subtotal_excluding_tax": 300,
    "test_clock": null,
    "total": 300,
    "total_discount_amounts": [],
    "total_excluding_tax": 300,
    "total_pretax_credit_amounts": [],
    "total_taxes": [],
    "webhooks_delivered_at": null
}
---
[2025-05-13 20:02:17] [STRIPE_PAYLOAD] Event Type: invoice.payment_succeeded, Event ID: evt_1ROP1pP71JLI6sb9bY4DfRSy
{
    "id": "in_1ROP1oP71JLI6sb9IScYQQku",
    "object": "invoice",
    "account_country": "ES",
    "account_name": "Stripe Lab App",
    "account_tax_ids": null,
    "amount_due": 300,
    "amount_overpaid": 0,
    "amount_paid": 300,
    "amount_remaining": 0,
    "amount_shipping": 0,
    "application": null,
    "attempt_count": 0,
    "attempted": true,
    "auto_advance": false,
    "automatic_tax": {
        "disabled_reason": null,
        "enabled": false,
        "liability": null,
        "provider": null,
        "status": null
    },
    "automatically_finalizes_at": null,
    "billing_reason": "subscription_create",
    "collection_method": "charge_automatically",
    "created": 1747166534,
    "currency": "eur",
    "custom_fields": null,
    "customer": "cus_SJ13BPsY6XHn0L",
    "customer_address": {
        "city": null,
        "country": "ES",
        "line1": null,
        "line2": null,
        "postal_code": null,
        "state": null
    },
    "customer_email": "contacto@josecarlosdev.com",
    "customer_name": "suscripcion mensual",
    "customer_phone": null,
    "customer_shipping": null,
    "customer_tax_exempt": "none",
    "customer_tax_ids": [],
    "default_payment_method": null,
    "default_source": null,
    "default_tax_rates": [],
    "description": null,
    "discounts": [],
    "due_date": null,
    "effective_at": 1747166534,
    "ending_balance": 0,
    "footer": null,
    "from_invoice": null,
    "hosted_invoice_url": "https://invoice.stripe.com/i/acct_1RHJ61P71JLI6sb9/test_YWNjdF8xUkhKNjFQNzFKTEk2c2I5LF9TSjEzUnY2SE1kaFlDWURnRHNSR2d1dkFVSURFcDJ1LDEzNzcwNzMzNw0200p2LKySVA?s=ap",
    "invoice_pdf": "https://pay.stripe.com/invoice/acct_1RHJ61P71JLI6sb9/test_YWNjdF8xUkhKNjFQNzFKTEk2c2I5LF9TSjEzUnY2SE1kaFlDWURnRHNSR2d1dkFVSURFcDJ1LDEzNzcwNzMzNw0200p2LKySVA/pdf?s=ap",
    "issuer": {
        "type": "self"
    },
    "last_finalization_error": null,
    "latest_revision": null,
    "lines": {
        "object": "list",
        "data": [
            {
                "id": "il_1ROP1oP71JLI6sb945pQDtbN",
                "object": "line_item",
                "amount": 300,
                "currency": "eur",
                "description": "1 × Test App (at €3.00 / month)",
                "discount_amounts": [],
                "discountable": true,
                "discounts": [],
                "invoice": "in_1ROP1oP71JLI6sb9IScYQQku",
                "livemode": false,
                "metadata": [],
                "parent": {
                    "invoice_item_details": null,
                    "subscription_item_details": {
                        "invoice_item": null,
                        "proration": false,
                        "proration_details": {
                            "credited_items": null
                        },
                        "subscription": "sub_1ROP1oP71JLI6sb9M2FhWZGX",
                        "subscription_item": "si_SJ13Vh4tquvZYg"
                    },
                    "type": "subscription_item_details"
                },
                "period": {
                    "end": 1749844934,
                    "start": 1747166534
                },
                "pretax_credit_amounts": [],
                "pricing": {
                    "price_details": {
                        "price": "price_1RLNcyP71JLI6sb92qc9ywRx",
                        "product": "prod_SFsxoaHLKoYbKj"
                    },
                    "type": "price_details",
                    "unit_amount_decimal": "300"
                },
                "quantity": 1,
                "taxes": []
            }
        ],
        "has_more": false,
        "total_count": 1,
        "url": "/v1/invoices/in_1ROP1oP71JLI6sb9IScYQQku/lines"
    },
    "livemode": false,
    "metadata": [],
    "next_payment_attempt": null,
    "number": "98CD073B-0051",
    "on_behalf_of": null,
    "parent": {
        "quote_details": null,
        "subscription_details": {
            "metadata": [],
            "subscription": "sub_1ROP1oP71JLI6sb9M2FhWZGX"
        },
        "type": "subscription_details"
    },
    "payment_settings": {
        "default_mandate": null,
        "payment_method_options": {
            "acss_debit": null,
            "bancontact": null,
            "card": {
                "request_three_d_secure": "automatic"
            },
            "customer_balance": null,
            "konbini": null,
            "sepa_debit": null,
            "us_bank_account": null
        },
        "payment_method_types": [
            "card"
        ]
    },
    "period_end": 1747166534,
    "period_start": 1747166534,
    "post_payment_credit_notes_amount": 0,
    "pre_payment_credit_notes_amount": 0,
    "receipt_number": null,
    "rendering": null,
    "shipping_cost": null,
    "shipping_details": null,
    "starting_balance": 0,
    "statement_descriptor": null,
    "status": "paid",
    "status_transitions": {
        "finalized_at": 1747166534,
        "marked_uncollectible_at": null,
        "paid_at": 1747166535,
        "voided_at": null
    },
    "subtotal": 300,
    "subtotal_excluding_tax": 300,
    "test_clock": null,
    "total": 300,
    "total_discount_amounts": [],
    "total_excluding_tax": 300,
    "total_pretax_credit_amounts": [],
    "total_taxes": [],
    "webhooks_delivered_at": null
}
---
[2025-05-13 20:02:49] [STRIPE_PAYLOAD] Event Type: customer.subscription.updated, Event ID: evt_1ROP2LP71JLI6sb9iUnDHU3K
{
    "id": "sub_1ROP1oP71JLI6sb9M2FhWZGX",
    "object": "subscription",
    "application": null,
    "application_fee_percent": null,
    "automatic_tax": {
        "disabled_reason": null,
        "enabled": false,
        "liability": null
    },
    "billing_cycle_anchor": 1747166534,
    "billing_cycle_anchor_config": null,
    "cancel_at": 1749844934,
    "cancel_at_period_end": true,
    "canceled_at": 1747166569,
    "cancellation_details": {
        "comment": null,
        "feedback": null,
        "reason": "cancellation_requested"
    },
    "collection_method": "charge_automatically",
    "created": 1747166534,
    "currency": "eur",
    "customer": "cus_SJ13BPsY6XHn0L",
    "days_until_due": null,
    "default_payment_method": "pm_1ROP1mP71JLI6sb9S5pV2tHO",
    "default_source": null,
    "default_tax_rates": [],
    "description": null,
    "discounts": [],
    "ended_at": null,
    "invoice_settings": {
        "account_tax_ids": null,
        "issuer": {
            "type": "self"
        }
    },
    "items": {
        "object": "list",
        "data": [
            {
                "id": "si_SJ13Vh4tquvZYg",
                "object": "subscription_item",
                "created": 1747166535,
                "current_period_end": 1749844934,
                "current_period_start": 1747166534,
                "discounts": [],
                "metadata": [],
                "plan": {
                    "id": "price_1RLNcyP71JLI6sb92qc9ywRx",
                    "object": "plan",
                    "active": true,
                    "amount": 300,
                    "amount_decimal": "300",
                    "billing_scheme": "per_unit",
                    "created": 1746446168,
                    "currency": "eur",
                    "interval": "month",
                    "interval_count": 1,
                    "livemode": false,
                    "metadata": [],
                    "meter": null,
                    "nickname": "Monthly payment for the Test product",
                    "product": "prod_SFsxoaHLKoYbKj",
                    "tiers_mode": null,
                    "transform_usage": null,
                    "trial_period_days": null,
                    "usage_type": "licensed"
                },
                "price": {
                    "id": "price_1RLNcyP71JLI6sb92qc9ywRx",
                    "object": "price",
                    "active": true,
                    "billing_scheme": "per_unit",
                    "created": 1746446168,
                    "currency": "eur",
                    "custom_unit_amount": null,
                    "livemode": false,
                    "lookup_key": "monthly_subscriptions",
                    "metadata": [],
                    "nickname": "Monthly payment for the Test product",
                    "product": "prod_SFsxoaHLKoYbKj",
                    "recurring": {
                        "interval": "month",
                        "interval_count": 1,
                        "meter": null,
                        "trial_period_days": null,
                        "usage_type": "licensed"
                    },
                    "tax_behavior": "unspecified",
                    "tiers_mode": null,
                    "transform_quantity": null,
                    "type": "recurring",
                    "unit_amount": 300,
                    "unit_amount_decimal": "300"
                },
                "quantity": 1,
                "subscription": "sub_1ROP1oP71JLI6sb9M2FhWZGX",
                "tax_rates": []
            }
        ],
        "has_more": false,
        "total_count": 1,
        "url": "/v1/subscription_items?subscription=sub_1ROP1oP71JLI6sb9M2FhWZGX"
    },
    "latest_invoice": "in_1ROP1oP71JLI6sb9IScYQQku",
    "livemode": false,
    "metadata": [],
    "next_pending_invoice_item_invoice": null,
    "on_behalf_of": null,
    "pause_collection": null,
    "payment_settings": {
        "payment_method_options": {
            "acss_debit": null,
            "bancontact": null,
            "card": {
                "network": null,
                "request_three_d_secure": "automatic"
            },
            "customer_balance": null,
            "konbini": null,
            "sepa_debit": null,
            "us_bank_account": null
        },
        "payment_method_types": [
            "card"
        ],
        "save_default_payment_method": "off"
    },
    "pending_invoice_item_interval": null,
    "pending_setup_intent": null,
    "pending_update": null,
    "plan": {
        "id": "price_1RLNcyP71JLI6sb92qc9ywRx",
        "object": "plan",
        "active": true,
        "amount": 300,
        "amount_decimal": "300",
        "billing_scheme": "per_unit",
        "created": 1746446168,
        "currency": "eur",
        "interval": "month",
        "interval_count": 1,
        "livemode": false,
        "metadata": [],
        "meter": null,
        "nickname": "Monthly payment for the Test product",
        "product": "prod_SFsxoaHLKoYbKj",
        "tiers_mode": null,
        "transform_usage": null,
        "trial_period_days": null,
        "usage_type": "licensed"
    },
    "quantity": 1,
    "schedule": null,
    "start_date": 1747166534,
    "status": "active",
    "test_clock": null,
    "transfer_data": null,
    "trial_end": null,
    "trial_settings": {
        "end_behavior": {
            "missing_payment_method": "create_invoice"
        }
    },
    "trial_start": null
}
---
