[2025-05-13 20:02:17] [UNHANDLED_STRIPE_EVENT] Event Type: payment_method.attached, Event ID: evt_1ROP1pP71JLI6sb91xI1Z7bo
{
    "id": "pm_1ROP1mP71JLI6sb9S5pV2tHO",
    "object": "payment_method",
    "allow_redisplay": "limited",
    "billing_details": {
        "address": {
            "city": null,
            "country": "ES",
            "line1": null,
            "line2": null,
            "postal_code": null,
            "state": null
        },
        "email": "contacto@josecarlosdev.com",
        "name": "suscripcion mensual",
        "phone": null,
        "tax_id": null
    },
    "card": {
        "brand": "visa",
        "checks": {
            "address_line1_check": null,
            "address_postal_code_check": null,
            "cvc_check": "pass"
        },
        "country": "US",
        "display_brand": "visa",
        "exp_month": 2,
        "exp_year": 2055,
        "fingerprint": "H2RjQOzJ2vMTHb1p",
        "funding": "credit",
        "generated_from": null,
        "last4": "4242",
        "networks": {
            "available": [
                "visa"
            ],
            "preferred": null
        },
        "regulated_status": "unregulated",
        "three_d_secure_usage": {
            "supported": true
        },
        "wallet": null
    },
    "created": 1747166534,
    "customer": "cus_SJ13BPsY6XHn0L",
    "livemode": false,
    "metadata": [],
    "type": "card"
}
---
[2025-05-13 20:02:17] [UNHANDLED_STRIPE_EVENT] Event Type: payment_intent.created, Event ID: evt_3ROP1nP71JLI6sb90mB4Gwsw
{
    "id": "pi_3ROP1nP71JLI6sb90Lh9QvEd",
    "object": "payment_intent",
    "amount": 300,
    "amount_capturable": 0,
    "amount_details": {
        "tip": []
    },
    "amount_received": 0,
    "application": null,
    "application_fee_amount": null,
    "automatic_payment_methods": null,
    "canceled_at": null,
    "cancellation_reason": null,
    "capture_method": "automatic",
    "client_secret": "pi_3ROP1nP71JLI6sb90Lh9QvEd_secret_PgskrRJwwkydgZk6zaJ2jtg2R",
    "confirmation_method": "automatic",
    "created": 1747166535,
    "currency": "eur",
    "customer": "cus_SJ13BPsY6XHn0L",
    "description": "Subscription creation",
    "last_payment_error": null,
    "latest_charge": null,
    "livemode": false,
    "metadata": [],
    "next_action": null,
    "on_behalf_of": null,
    "payment_method": null,
    "payment_method_configuration_details": null,
    "payment_method_options": {
        "card": {
            "installments": null,
            "mandate_options": null,
            "network": null,
            "request_three_d_secure": "automatic"
        },
        "link": {
            "persistent_token": null
        }
    },
    "payment_method_types": [
        "card",
        "link"
    ],
    "processing": null,
    "receipt_email": null,
    "review": null,
    "setup_future_usage": "off_session",
    "shipping": null,
    "source": null,
    "statement_descriptor": null,
    "statement_descriptor_suffix": null,
    "status": "requires_payment_method",
    "transfer_data": null,
    "transfer_group": null
}
---
[2025-05-13 20:02:17] [UNHANDLED_STRIPE_EVENT] Event Type: invoice.created, Event ID: evt_1ROP1pP71JLI6sb91l6CEPaD
{
    "id": "in_1ROP1oP71JLI6sb9IScYQQku",
    "object": "invoice",
    "account_country": "ES",
    "account_name": "Stripe Lab App",
    "account_tax_ids": null,
    "amount_due": 300,
    "amount_overpaid": 0,
    "amount_paid": 300,
    "amount_remaining": 0,
    "amount_shipping": 0,
    "application": null,
    "attempt_count": 0,
    "attempted": true,
    "auto_advance": false,
    "automatic_tax": {
        "disabled_reason": null,
        "enabled": false,
        "liability": null,
        "provider": null,
        "status": null
    },
    "automatically_finalizes_at": null,
    "billing_reason": "subscription_create",
    "collection_method": "charge_automatically",
    "created": 1747166534,
    "currency": "eur",
    "custom_fields": null,
    "customer": "cus_SJ13BPsY6XHn0L",
    "customer_address": {
        "city": null,
        "country": "ES",
        "line1": null,
        "line2": null,
        "postal_code": null,
        "state": null
    },
    "customer_email": "contacto@josecarlosdev.com",
    "customer_name": "suscripcion mensual",
    "customer_phone": null,
    "customer_shipping": null,
    "customer_tax_exempt": "none",
    "customer_tax_ids": [],
    "default_payment_method": null,
    "default_source": null,
    "default_tax_rates": [],
    "description": null,
    "discounts": [],
    "due_date": null,
    "effective_at": 1747166534,
    "ending_balance": 0,
    "footer": null,
    "from_invoice": null,
    "hosted_invoice_url": "https://invoice.stripe.com/i/acct_1RHJ61P71JLI6sb9/test_YWNjdF8xUkhKNjFQNzFKTEk2c2I5LF9TSjEzUnY2SE1kaFlDWURnRHNSR2d1dkFVSURFcDJ1LDEzNzcwNzMzNw0200p2LKySVA?s=ap",
    "invoice_pdf": "https://pay.stripe.com/invoice/acct_1RHJ61P71JLI6sb9/test_YWNjdF8xUkhKNjFQNzFKTEk2c2I5LF9TSjEzUnY2SE1kaFlDWURnRHNSR2d1dkFVSURFcDJ1LDEzNzcwNzMzNw0200p2LKySVA/pdf?s=ap",
    "issuer": {
        "type": "self"
    },
    "last_finalization_error": null,
    "latest_revision": null,
    "lines": {
        "object": "list",
        "data": [
            {
                "id": "il_1ROP1oP71JLI6sb945pQDtbN",
                "object": "line_item",
                "amount": 300,
                "currency": "eur",
                "description": "1 × Test App (at €3.00 / month)",
                "discount_amounts": [],
                "discountable": true,
                "discounts": [],
                "invoice": "in_1ROP1oP71JLI6sb9IScYQQku",
                "livemode": false,
                "metadata": [],
                "parent": {
                    "invoice_item_details": null,
                    "subscription_item_details": {
                        "invoice_item": null,
                        "proration": false,
                        "proration_details": {
                            "credited_items": null
                        },
                        "subscription": "sub_1ROP1oP71JLI6sb9M2FhWZGX",
                        "subscription_item": "si_SJ13Vh4tquvZYg"
                    },
                    "type": "subscription_item_details"
                },
                "period": {
                    "end": 1749844934,
                    "start": 1747166534
                },
                "pretax_credit_amounts": [],
                "pricing": {
                    "price_details": {
                        "price": "price_1RLNcyP71JLI6sb92qc9ywRx",
                        "product": "prod_SFsxoaHLKoYbKj"
                    },
                    "type": "price_details",
                    "unit_amount_decimal": "300"
                },
                "quantity": 1,
                "taxes": []
            }
        ],
        "has_more": false,
        "total_count": 1,
        "url": "/v1/invoices/in_1ROP1oP71JLI6sb9IScYQQku/lines"
    },
    "livemode": false,
    "metadata": [],
    "next_payment_attempt": null,
    "number": "98CD073B-0051",
    "on_behalf_of": null,
    "parent": {
        "quote_details": null,
        "subscription_details": {
            "metadata": [],
            "subscription": "sub_1ROP1oP71JLI6sb9M2FhWZGX"
        },
        "type": "subscription_details"
    },
    "payment_settings": {
        "default_mandate": null,
        "payment_method_options": {
            "acss_debit": null,
            "bancontact": null,
            "card": {
                "request_three_d_secure": "automatic"
            },
            "customer_balance": null,
            "konbini": null,
            "sepa_debit": null,
            "us_bank_account": null
        },
        "payment_method_types": [
            "card"
        ]
    },
    "period_end": 1747166534,
    "period_start": 1747166534,
    "post_payment_credit_notes_amount": 0,
    "pre_payment_credit_notes_amount": 0,
    "receipt_number": null,
    "rendering": null,
    "shipping_cost": null,
    "shipping_details": null,
    "starting_balance": 0,
    "statement_descriptor": null,
    "status": "paid",
    "status_transitions": {
        "finalized_at": 1747166534,
        "marked_uncollectible_at": null,
        "paid_at": 1747166535,
        "voided_at": null
    },
    "subtotal": 300,
    "subtotal_excluding_tax": 300,
    "test_clock": null,
    "total": 300,
    "total_discount_amounts": [],
    "total_excluding_tax": 300,
    "total_pretax_credit_amounts": [],
    "total_taxes": [],
    "webhooks_delivered_at": null
}
---
[2025-05-13 20:02:17] [UNHANDLED_STRIPE_EVENT] Event Type: invoice.finalized, Event ID: evt_1ROP1pP71JLI6sb97aD1XVID
{
    "id": "in_1ROP1oP71JLI6sb9IScYQQku",
    "object": "invoice",
    "account_country": "ES",
    "account_name": "Stripe Lab App",
    "account_tax_ids": null,
    "amount_due": 300,
    "amount_overpaid": 0,
    "amount_paid": 300,
    "amount_remaining": 0,
    "amount_shipping": 0,
    "application": null,
    "attempt_count": 0,
    "attempted": true,
    "auto_advance": false,
    "automatic_tax": {
        "disabled_reason": null,
        "enabled": false,
        "liability": null,
        "provider": null,
        "status": null
    },
    "automatically_finalizes_at": null,
    "billing_reason": "subscription_create",
    "collection_method": "charge_automatically",
    "created": 1747166534,
    "currency": "eur",
    "custom_fields": null,
    "customer": "cus_SJ13BPsY6XHn0L",
    "customer_address": {
        "city": null,
        "country": "ES",
        "line1": null,
        "line2": null,
        "postal_code": null,
        "state": null
    },
    "customer_email": "contacto@josecarlosdev.com",
    "customer_name": "suscripcion mensual",
    "customer_phone": null,
    "customer_shipping": null,
    "customer_tax_exempt": "none",
    "customer_tax_ids": [],
    "default_payment_method": null,
    "default_source": null,
    "default_tax_rates": [],
    "description": null,
    "discounts": [],
    "due_date": null,
    "effective_at": 1747166534,
    "ending_balance": 0,
    "footer": null,
    "from_invoice": null,
    "hosted_invoice_url": "https://invoice.stripe.com/i/acct_1RHJ61P71JLI6sb9/test_YWNjdF8xUkhKNjFQNzFKTEk2c2I5LF9TSjEzUnY2SE1kaFlDWURnRHNSR2d1dkFVSURFcDJ1LDEzNzcwNzMzNw0200p2LKySVA?s=ap",
    "invoice_pdf": "https://pay.stripe.com/invoice/acct_1RHJ61P71JLI6sb9/test_YWNjdF8xUkhKNjFQNzFKTEk2c2I5LF9TSjEzUnY2SE1kaFlDWURnRHNSR2d1dkFVSURFcDJ1LDEzNzcwNzMzNw0200p2LKySVA/pdf?s=ap",
    "issuer": {
        "type": "self"
    },
    "last_finalization_error": null,
    "latest_revision": null,
    "lines": {
        "object": "list",
        "data": [
            {
                "id": "il_1ROP1oP71JLI6sb945pQDtbN",
                "object": "line_item",
                "amount": 300,
                "currency": "eur",
                "description": "1 × Test App (at €3.00 / month)",
                "discount_amounts": [],
                "discountable": true,
                "discounts": [],
                "invoice": "in_1ROP1oP71JLI6sb9IScYQQku",
                "livemode": false,
                "metadata": [],
                "parent": {
                    "invoice_item_details": null,
                    "subscription_item_details": {
                        "invoice_item": null,
                        "proration": false,
                        "proration_details": {
                            "credited_items": null
                        },
                        "subscription": "sub_1ROP1oP71JLI6sb9M2FhWZGX",
                        "subscription_item": "si_SJ13Vh4tquvZYg"
                    },
                    "type": "subscription_item_details"
                },
                "period": {
                    "end": 1749844934,
                    "start": 1747166534
                },
                "pretax_credit_amounts": [],
                "pricing": {
                    "price_details": {
                        "price": "price_1RLNcyP71JLI6sb92qc9ywRx",
                        "product": "prod_SFsxoaHLKoYbKj"
                    },
                    "type": "price_details",
                    "unit_amount_decimal": "300"
                },
                "quantity": 1,
                "taxes": []
            }
        ],
        "has_more": false,
        "total_count": 1,
        "url": "/v1/invoices/in_1ROP1oP71JLI6sb9IScYQQku/lines"
    },
    "livemode": false,
    "metadata": [],
    "next_payment_attempt": null,
    "number": "98CD073B-0051",
    "on_behalf_of": null,
    "parent": {
        "quote_details": null,
        "subscription_details": {
            "metadata": [],
            "subscription": "sub_1ROP1oP71JLI6sb9M2FhWZGX"
        },
        "type": "subscription_details"
    },
    "payment_settings": {
        "default_mandate": null,
        "payment_method_options": {
            "acss_debit": null,
            "bancontact": null,
            "card": {
                "request_three_d_secure": "automatic"
            },
            "customer_balance": null,
            "konbini": null,
            "sepa_debit": null,
            "us_bank_account": null
        },
        "payment_method_types": [
            "card"
        ]
    },
    "period_end": 1747166534,
    "period_start": 1747166534,
    "post_payment_credit_notes_amount": 0,
    "pre_payment_credit_notes_amount": 0,
    "receipt_number": null,
    "rendering": null,
    "shipping_cost": null,
    "shipping_details": null,
    "starting_balance": 0,
    "statement_descriptor": null,
    "status": "paid",
    "status_transitions": {
        "finalized_at": 1747166534,
        "marked_uncollectible_at": null,
        "paid_at": 1747166535,
        "voided_at": null
    },
    "subtotal": 300,
    "subtotal_excluding_tax": 300,
    "test_clock": null,
    "total": 300,
    "total_discount_amounts": [],
    "total_excluding_tax": 300,
    "total_pretax_credit_amounts": [],
    "total_taxes": [],
    "webhooks_delivered_at": null
}
---
[2025-05-13 20:02:17] [UNHANDLED_STRIPE_EVENT] Event Type: invoice.payment_succeeded, Event ID: evt_1ROP1pP71JLI6sb9bY4DfRSy
{
    "id": "in_1ROP1oP71JLI6sb9IScYQQku",
    "object": "invoice",
    "account_country": "ES",
    "account_name": "Stripe Lab App",
    "account_tax_ids": null,
    "amount_due": 300,
    "amount_overpaid": 0,
    "amount_paid": 300,
    "amount_remaining": 0,
    "amount_shipping": 0,
    "application": null,
    "attempt_count": 0,
    "attempted": true,
    "auto_advance": false,
    "automatic_tax": {
        "disabled_reason": null,
        "enabled": false,
        "liability": null,
        "provider": null,
        "status": null
    },
    "automatically_finalizes_at": null,
    "billing_reason": "subscription_create",
    "collection_method": "charge_automatically",
    "created": 1747166534,
    "currency": "eur",
    "custom_fields": null,
    "customer": "cus_SJ13BPsY6XHn0L",
    "customer_address": {
        "city": null,
        "country": "ES",
        "line1": null,
        "line2": null,
        "postal_code": null,
        "state": null
    },
    "customer_email": "contacto@josecarlosdev.com",
    "customer_name": "suscripcion mensual",
    "customer_phone": null,
    "customer_shipping": null,
    "customer_tax_exempt": "none",
    "customer_tax_ids": [],
    "default_payment_method": null,
    "default_source": null,
    "default_tax_rates": [],
    "description": null,
    "discounts": [],
    "due_date": null,
    "effective_at": 1747166534,
    "ending_balance": 0,
    "footer": null,
    "from_invoice": null,
    "hosted_invoice_url": "https://invoice.stripe.com/i/acct_1RHJ61P71JLI6sb9/test_YWNjdF8xUkhKNjFQNzFKTEk2c2I5LF9TSjEzUnY2SE1kaFlDWURnRHNSR2d1dkFVSURFcDJ1LDEzNzcwNzMzNw0200p2LKySVA?s=ap",
    "invoice_pdf": "https://pay.stripe.com/invoice/acct_1RHJ61P71JLI6sb9/test_YWNjdF8xUkhKNjFQNzFKTEk2c2I5LF9TSjEzUnY2SE1kaFlDWURnRHNSR2d1dkFVSURFcDJ1LDEzNzcwNzMzNw0200p2LKySVA/pdf?s=ap",
    "issuer": {
        "type": "self"
    },
    "last_finalization_error": null,
    "latest_revision": null,
    "lines": {
        "object": "list",
        "data": [
            {
                "id": "il_1ROP1oP71JLI6sb945pQDtbN",
                "object": "line_item",
                "amount": 300,
                "currency": "eur",
                "description": "1 × Test App (at €3.00 / month)",
                "discount_amounts": [],
                "discountable": true,
                "discounts": [],
                "invoice": "in_1ROP1oP71JLI6sb9IScYQQku",
                "livemode": false,
                "metadata": [],
                "parent": {
                    "invoice_item_details": null,
                    "subscription_item_details": {
                        "invoice_item": null,
                        "proration": false,
                        "proration_details": {
                            "credited_items": null
                        },
                        "subscription": "sub_1ROP1oP71JLI6sb9M2FhWZGX",
                        "subscription_item": "si_SJ13Vh4tquvZYg"
                    },
                    "type": "subscription_item_details"
                },
                "period": {
                    "end": 1749844934,
                    "start": 1747166534
                },
                "pretax_credit_amounts": [],
                "pricing": {
                    "price_details": {
                        "price": "price_1RLNcyP71JLI6sb92qc9ywRx",
                        "product": "prod_SFsxoaHLKoYbKj"
                    },
                    "type": "price_details",
                    "unit_amount_decimal": "300"
                },
                "quantity": 1,
                "taxes": []
            }
        ],
        "has_more": false,
        "total_count": 1,
        "url": "/v1/invoices/in_1ROP1oP71JLI6sb9IScYQQku/lines"
    },
    "livemode": false,
    "metadata": [],
    "next_payment_attempt": null,
    "number": "98CD073B-0051",
    "on_behalf_of": null,
    "parent": {
        "quote_details": null,
        "subscription_details": {
            "metadata": [],
            "subscription": "sub_1ROP1oP71JLI6sb9M2FhWZGX"
        },
        "type": "subscription_details"
    },
    "payment_settings": {
        "default_mandate": null,
        "payment_method_options": {
            "acss_debit": null,
            "bancontact": null,
            "card": {
                "request_three_d_secure": "automatic"
            },
            "customer_balance": null,
            "konbini": null,
            "sepa_debit": null,
            "us_bank_account": null
        },
        "payment_method_types": [
            "card"
        ]
    },
    "period_end": 1747166534,
    "period_start": 1747166534,
    "post_payment_credit_notes_amount": 0,
    "pre_payment_credit_notes_amount": 0,
    "receipt_number": null,
    "rendering": null,
    "shipping_cost": null,
    "shipping_details": null,
    "starting_balance": 0,
    "statement_descriptor": null,
    "status": "paid",
    "status_transitions": {
        "finalized_at": 1747166534,
        "marked_uncollectible_at": null,
        "paid_at": 1747166535,
        "voided_at": null
    },
    "subtotal": 300,
    "subtotal_excluding_tax": 300,
    "test_clock": null,
    "total": 300,
    "total_discount_amounts": [],
    "total_excluding_tax": 300,
    "total_pretax_credit_amounts": [],
    "total_taxes": [],
    "webhooks_delivered_at": null
}
---
